<?xml version="1.0" encoding="UTF-8"?>
<!-- Generated by org.testng.reporters.JUnitReportReporter -->
<testsuite hostname="DESKTOP-FGTOVGJ" failures="0" tests="2" name="com.harshi.testng_amazon.AmazonSearchTest" time="4.980" errors="0" timestamp="2023-12-18T16:17:54 IST" skipped="0">
  <testcase classname="com.harshi.testng_amazon.AmazonSearchTest" name="testSearch2" time="2.247"/>
  <testcase classname="com.harshi.testng_amazon.AmazonSearchTest" name="testSearch1" time="2.733"/>
</testsuite> <!-- com.harshi.testng_amazon.AmazonSearchTest -->
