<?xml version="1.0" encoding="UTF-8"?>
<!-- Generated by org.testng.reporters.JUnitReportReporter -->
<testsuite hostname="DESKTOP-FGTOVGJ" failures="0" tests="2" name="com.harshi.testng_amazon.AmazonLinkVerificationTest" time="59.989" errors="0" timestamp="2023-12-19T12:30:57 IST" skipped="0">
  <testcase classname="com.harshi.testng_amazon.AmazonLinkVerificationTest" name="linkTest1" time="38.596"/>
  <testcase classname="com.harshi.testng_amazon.AmazonLinkVerificationTest" name="linkTest2" time="21.393"/>
</testsuite> <!-- com.harshi.testng_amazon.AmazonLinkVerificationTest -->
