<?xml version="1.0" encoding="UTF-8"?>
<!-- Generated by org.testng.reporters.JUnitReportReporter -->
<testsuite hostname="DESKTOP-FGTOVGJ" failures="0" tests="3" name="com.harshi.Testng.AssertionTest" time="0.024" errors="0" timestamp="2023-12-18T15:40:25 IST" skipped="0">
  <testcase classname="com.harshi.Testng.AssertionTest" name="softAssertTest" time="0.012"/>
  <testcase classname="com.harshi.Testng.AssertionTest" name="testAsserts" time="0.001"/>
  <testcase classname="com.harshi.Testng.AssertionTest" name="hardAssertTest" time="0.011"/>
</testsuite> <!-- com.harshi.Testng.AssertionTest -->
