<?xml version="1.0" encoding="UTF-8"?>
<!-- Generated by org.testng.reporters.JUnitReportReporter -->
<testsuite hostname="DESKTOP-FGTOVGJ" failures="0" tests="3" name="com.harshi.Testng.TestNgStandardAnnotationTest" time="0.012" errors="0" timestamp="2023-12-17T19:49:49 IST" skipped="1">
  <testcase classname="com.harshi.Testng.TestNgStandardAnnotationTest" name="testOne" time="0.007"/>
  <testcase classname="com.harshi.Testng.TestNgStandardAnnotationTest" name="testTwo" time="0.005"/>
  <testcase classname="com.harshi.Testng.TestNgStandardAnnotationTest" name="testThree">
    <skipped/>
  </testcase> <!-- testThree -->
</testsuite> <!-- com.harshi.Testng.TestNgStandardAnnotationTest -->
