<?xml version="1.0" encoding="UTF-8"?>
<!-- Generated by org.testng.reporters.JUnitReportReporter -->
<testsuite hostname="DESKTOP-FGTOVGJ" failures="0" tests="2" name="com.harshi.testng_amazon.AmazonLinkVerificationXpathTest" time="54.819" errors="0" timestamp="2023-12-19T12:28:53 IST" skipped="0">
  <testcase classname="com.harshi.testng_amazon.AmazonLinkVerificationXpathTest" name="xpathLinkTest1" time="27.175"/>
  <testcase classname="com.harshi.testng_amazon.AmazonLinkVerificationXpathTest" name="xpathLinkTest2" time="27.644"/>
</testsuite> <!-- com.harshi.testng_amazon.AmazonLinkVerificationXpathTest -->
