<?xml version="1.0" encoding="UTF-8"?>
<!-- Generated by org.testng.reporters.JUnitReportReporter -->
<testsuite hostname="DESKTOP-FGTOVGJ" failures="0" tests="2" name="com.harshi.testng_amazon.AmazonLinkVerificationCssSelectorTest" time="38.460" errors="0" timestamp="2023-12-19T12:32:41 IST" skipped="0">
  <testcase classname="com.harshi.testng_amazon.AmazonLinkVerificationCssSelectorTest" name="tdLinkTest1" time="22.134"/>
  <testcase classname="com.harshi.testng_amazon.AmazonLinkVerificationCssSelectorTest" name="tdLinkTest2" time="16.326"/>
</testsuite> <!-- com.harshi.testng_amazon.AmazonLinkVerificationCssSelectorTest -->
