<?xml version="1.0" encoding="UTF-8"?>
<!-- Generated by org.testng.reporters.JUnitReportReporter -->
<testsuite hostname="DESKTOP-FGTOVGJ" failures="0" tests="3" name="com.harshi.Testng.AmazonHomePageTest" time="69.268" errors="0" timestamp="2023-12-18T16:01:36 IST" skipped="0">
  <testcase classname="com.harshi.Testng.AmazonHomePageTest" name="testAmazonHomePageSourceUrl" time="14.608"/>
  <testcase classname="com.harshi.Testng.AmazonHomePageTest" name="testAmazonHomePageTitle2" time="19.824"/>
  <testcase classname="com.harshi.Testng.AmazonHomePageTest" name="testAmazonHomePageTitle" time="34.836"/>
</testsuite> <!-- com.harshi.Testng.AmazonHomePageTest -->
